<?xml version="1.0" encoding="UTF-8"?>
<testsuite name="Realizar reserva de cita" tests="1" skipped="0" failures="0" errors="0" timestamp="2023-10-02T04:14:40" hostname="GREENSQA-P47207" time="15.219">
  <properties/>
  <testcase name="Automatizacion de reserva cita medica con exito" classname="Realizar reserva de cita" time="15.219"/>
  <system-out><![CDATA[]]></system-out>
  <system-err><![CDATA[[Test worker] WARN net.thucydides.core.steps.BaseStepListener - stepStarted: net.thucydides.core.steps.ExecutedStepDescription@7c22d4f
[Test worker] WARN net.thucydides.core.steps.BaseStepListener - stepStarted: net.thucydides.core.steps.ExecutedStepDescription@c6e0f32
oct 01, 2023 11:14:40 PM org.openqa.selenium.remote.DesiredCapabilities chrome
INFORMACIÓN: Using `new ChromeOptions()` is preferred to `DesiredCapabilities.chrome()`
[Test worker] INFO net.serenitybdd.core.webdriver.driverproviders.ProvideNewDriver - Instantiating driver
[Test worker] INFO net.serenitybdd.core.webdriver.driverproviders.ProvideNewDriver - Driver capabilities: Capabilities {acceptInsecureCerts: false, browserName: chrome, chrome.switches: --start-maximized, goog:chromeOptions: {args: [--start-maximized], extensions: []}, loggingPrefs: org.openqa.selenium.logging..., platform: ANY, version: }
Starting ChromeDriver 116.0.5845.96 (1a391816688002153ef791ffe60d9e899a71a037-refs/branch-heads/5845@{#1382}) on port 37560
Only local connections are allowed.
Please see https://chromedriver.chromium.org/security-considerations for suggestions on keeping ChromeDriver safe.
ChromeDriver was started successfully.
[1696220083.591][WARNING]: This version of ChromeDriver has not been tested with Chrome version 117.
oct 01, 2023 11:14:44 PM org.openqa.selenium.remote.ProtocolHandshake createSession
INFORMACIÓN: Detected dialect: W3C
[Test worker] WARN net.thucydides.core.steps.BaseStepListener - stepFinished: current outcome:Automatizacion de reserva cita medica con exito:Given Vanesa esta en la pagina de inicio de Servicios de salud CURA [Vanesa opens the Pagina inicial]
[Test worker] WARN net.thucydides.core.steps.BaseStepListener - stepFinished: current outcome:Automatizacion de reserva cita medica con exito:Given Vanesa esta en la pagina de inicio de Servicios de salud CURA [Vanesa opens the Pagina inicial]
[Test worker] WARN net.thucydides.core.steps.BaseStepListener - stepStarted: net.thucydides.core.steps.ExecutedStepDescription@753fd7a1
[Test worker] WARN net.thucydides.core.steps.BaseStepListener - stepStarted: net.thucydides.core.steps.ExecutedStepDescription@32a2a6be
[Test worker] WARN net.thucydides.core.steps.BaseStepListener - stepStarted: net.thucydides.core.steps.ExecutedStepDescription@3d20e575
[Test worker] WARN net.thucydides.core.steps.BaseStepListener - stepFinished: current outcome:Automatizacion de reserva cita medica con exito:Given Vanesa esta en la pagina de inicio de Servicios de salud CURA [Vanesa opens the Pagina inicial], Given Vanesa haga click en el boton Reserva cita medica [Vanesa iniciar reserva [Vanesa clicks on Boton para confirmar una cita]]
[Test worker] WARN net.thucydides.core.steps.BaseStepListener - stepFinished: current outcome:Automatizacion de reserva cita medica con exito:Given Vanesa esta en la pagina de inicio de Servicios de salud CURA [Vanesa opens the Pagina inicial], Given Vanesa haga click en el boton Reserva cita medica [Vanesa iniciar reserva [Vanesa clicks on Boton para confirmar una cita]]
[Test worker] WARN net.thucydides.core.steps.BaseStepListener - stepFinished: current outcome:Automatizacion de reserva cita medica con exito:Given Vanesa esta en la pagina de inicio de Servicios de salud CURA [Vanesa opens the Pagina inicial], Given Vanesa haga click en el boton Reserva cita medica [Vanesa iniciar reserva [Vanesa clicks on Boton para confirmar una cita]]
[Test worker] WARN net.thucydides.core.steps.BaseStepListener - stepStarted: net.thucydides.core.steps.ExecutedStepDescription@315105f
[Test worker] WARN net.thucydides.core.steps.BaseStepListener - stepStarted: net.thucydides.core.steps.ExecutedStepDescription@3e1fd62b
[Test worker] WARN net.thucydides.core.steps.BaseStepListener - stepStarted: net.thucydides.core.steps.ExecutedStepDescription@7cfac39f
[Test worker] WARN net.thucydides.core.steps.BaseStepListener - stepFinished: current outcome:Automatizacion de reserva cita medica con exito:Given Vanesa esta en la pagina de inicio de Servicios de salud CURA [Vanesa opens the Pagina inicial], Given Vanesa haga click en el boton Reserva cita medica [Vanesa iniciar reserva [Vanesa clicks on Boton para confirmar una cita]], When Ella inicia sesion con John Doe y ThisIsNotAPassword [Vanesa iniciar sesion [Vanesa enters 'John Doe' into Donde escribimos el nombre del usuario]]
[Test worker] WARN net.thucydides.core.steps.BaseStepListener - stepStarted: net.thucydides.core.steps.ExecutedStepDescription@72a2312e
[Test worker] WARN net.thucydides.core.steps.BaseStepListener - stepFinished: current outcome:Automatizacion de reserva cita medica con exito:Given Vanesa esta en la pagina de inicio de Servicios de salud CURA [Vanesa opens the Pagina inicial], Given Vanesa haga click en el boton Reserva cita medica [Vanesa iniciar reserva [Vanesa clicks on Boton para confirmar una cita]], When Ella inicia sesion con John Doe y ThisIsNotAPassword [Vanesa iniciar sesion [Vanesa enters 'John Doe' into Donde escribimos el nombre del usuario, Vanesa enters 'ThisIsNotAPassword' into Donde escribimos la contraseÃ±a]]
[Test worker] WARN net.thucydides.core.steps.BaseStepListener - stepStarted: net.thucydides.core.steps.ExecutedStepDescription@d499c13
[Test worker] WARN net.thucydides.core.steps.BaseStepListener - stepFinished: current outcome:Automatizacion de reserva cita medica con exito:Given Vanesa esta en la pagina de inicio de Servicios de salud CURA [Vanesa opens the Pagina inicial], Given Vanesa haga click en el boton Reserva cita medica [Vanesa iniciar reserva [Vanesa clicks on Boton para confirmar una cita]], When Ella inicia sesion con John Doe y ThisIsNotAPassword [Vanesa iniciar sesion [Vanesa enters 'John Doe' into Donde escribimos el nombre del usuario, Vanesa enters 'ThisIsNotAPassword' into Donde escribimos la contraseÃ±a, Vanesa clicks on Boton para iniciar sesion]]
[Test worker] WARN net.thucydides.core.steps.BaseStepListener - stepFinished: current outcome:Automatizacion de reserva cita medica con exito:Given Vanesa esta en la pagina de inicio de Servicios de salud CURA [Vanesa opens the Pagina inicial], Given Vanesa haga click en el boton Reserva cita medica [Vanesa iniciar reserva [Vanesa clicks on Boton para confirmar una cita]], When Ella inicia sesion con John Doe y ThisIsNotAPassword [Vanesa iniciar sesion [Vanesa enters 'John Doe' into Donde escribimos el nombre del usuario, Vanesa enters 'ThisIsNotAPassword' into Donde escribimos la contraseÃ±a, Vanesa clicks on Boton para iniciar sesion]]
[Test worker] WARN net.thucydides.core.steps.BaseStepListener - stepFinished: current outcome:Automatizacion de reserva cita medica con exito:Given Vanesa esta en la pagina de inicio de Servicios de salud CURA [Vanesa opens the Pagina inicial], Given Vanesa haga click en el boton Reserva cita medica [Vanesa iniciar reserva [Vanesa clicks on Boton para confirmar una cita]], When Ella inicia sesion con John Doe y ThisIsNotAPassword [Vanesa iniciar sesion [Vanesa enters 'John Doe' into Donde escribimos el nombre del usuario, Vanesa enters 'ThisIsNotAPassword' into Donde escribimos la contraseÃ±a, Vanesa clicks on Boton para iniciar sesion]]
[Test worker] WARN net.thucydides.core.steps.BaseStepListener - stepStarted: net.thucydides.core.steps.ExecutedStepDescription@65e22def
[Test worker] WARN net.thucydides.core.steps.BaseStepListener - stepStarted: net.thucydides.core.steps.ExecutedStepDescription@2e43c38d
[Test worker] WARN net.thucydides.core.steps.BaseStepListener - stepStarted: net.thucydides.core.steps.ExecutedStepDescription@6fcd31c3
[Test worker] WARN net.thucydides.core.steps.BaseStepListener - stepFinished: current outcome:Automatizacion de reserva cita medica con exito:Given Vanesa esta en la pagina de inicio de Servicios de salud CURA [Vanesa opens the Pagina inicial], Given Vanesa haga click en el boton Reserva cita medica [Vanesa iniciar reserva [Vanesa clicks on Boton para confirmar una cita]], When Ella inicia sesion con John Doe y ThisIsNotAPassword [Vanesa iniciar sesion [Vanesa enters 'John Doe' into Donde escribimos el nombre del usuario, Vanesa enters 'ThisIsNotAPassword' into Donde escribimos la contraseÃ±a, Vanesa clicks on Boton para iniciar sesion]], And Ella registra los siguientes datos de la reserva
| atrCentroSalud | atrReadmision | atrFechaCita | atrProgramaSalud | atrComentario |
| Hongkong CURA Healthcare Center | true | 30/11/2023 | NONE | Cita medica de chequeo anual | [Vanesa agregar informacion cita [Vanesa clicks on Donde seleccionamos la solicitud de una readmision hospitalaria]]
[Test worker] WARN net.thucydides.core.steps.BaseStepListener - stepStarted: net.thucydides.core.steps.ExecutedStepDescription@5a484ce1
[Test worker] WARN net.thucydides.core.steps.BaseStepListener - stepFinished: current outcome:Automatizacion de reserva cita medica con exito:Given Vanesa esta en la pagina de inicio de Servicios de salud CURA [Vanesa opens the Pagina inicial], Given Vanesa haga click en el boton Reserva cita medica [Vanesa iniciar reserva [Vanesa clicks on Boton para confirmar una cita]], When Ella inicia sesion con John Doe y ThisIsNotAPassword [Vanesa iniciar sesion [Vanesa enters 'John Doe' into Donde escribimos el nombre del usuario, Vanesa enters 'ThisIsNotAPassword' into Donde escribimos la contraseÃ±a, Vanesa clicks on Boton para iniciar sesion]], And Ella registra los siguientes datos de la reserva
| atrCentroSalud | atrReadmision | atrFechaCita | atrProgramaSalud | atrComentario |
| Hongkong CURA Healthcare Center | true | 30/11/2023 | NONE | Cita medica de chequeo anual | [Vanesa agregar informacion cita [Vanesa clicks on Donde seleccionamos la solicitud de una readmision hospitalaria, Vanesa select Hongkong CURA Healthcare Center on Donde seleccionamos el centro de atencion]]
[Test worker] WARN net.thucydides.core.steps.BaseStepListener - stepStarted: net.thucydides.core.steps.ExecutedStepDescription@234c5e41
[Test worker] WARN net.thucydides.core.steps.BaseStepListener - stepFinished: current outcome:Automatizacion de reserva cita medica con exito:Given Vanesa esta en la pagina de inicio de Servicios de salud CURA [Vanesa opens the Pagina inicial], Given Vanesa haga click en el boton Reserva cita medica [Vanesa iniciar reserva [Vanesa clicks on Boton para confirmar una cita]], When Ella inicia sesion con John Doe y ThisIsNotAPassword [Vanesa iniciar sesion [Vanesa enters 'John Doe' into Donde escribimos el nombre del usuario, Vanesa enters 'ThisIsNotAPassword' into Donde escribimos la contraseÃ±a, Vanesa clicks on Boton para iniciar sesion]], And Ella registra los siguientes datos de la reserva
| atrCentroSalud | atrReadmision | atrFechaCita | atrProgramaSalud | atrComentario |
| Hongkong CURA Healthcare Center | true | 30/11/2023 | NONE | Cita medica de chequeo anual | [Vanesa agregar informacion cita [Vanesa clicks on Donde seleccionamos la solicitud de una readmision hospitalaria, Vanesa select Hongkong CURA Healthcare Center on Donde seleccionamos el centro de atencion, Vanesa clicks on Donde seleccionamos programa de salud , seguro del estado medico]]
[Test worker] WARN net.thucydides.core.steps.BaseStepListener - stepStarted: net.thucydides.core.steps.ExecutedStepDescription@f557c37
[Test worker] WARN net.thucydides.core.steps.BaseStepListener - stepFinished: current outcome:Automatizacion de reserva cita medica con exito:Given Vanesa esta en la pagina de inicio de Servicios de salud CURA [Vanesa opens the Pagina inicial], Given Vanesa haga click en el boton Reserva cita medica [Vanesa iniciar reserva [Vanesa clicks on Boton para confirmar una cita]], When Ella inicia sesion con John Doe y ThisIsNotAPassword [Vanesa iniciar sesion [Vanesa enters 'John Doe' into Donde escribimos el nombre del usuario, Vanesa enters 'ThisIsNotAPassword' into Donde escribimos la contraseÃ±a, Vanesa clicks on Boton para iniciar sesion]], And Ella registra los siguientes datos de la reserva
| atrCentroSalud | atrReadmision | atrFechaCita | atrProgramaSalud | atrComentario |
| Hongkong CURA Healthcare Center | true | 30/11/2023 | NONE | Cita medica de chequeo anual | [Vanesa agregar informacion cita [Vanesa clicks on Donde seleccionamos la solicitud de una readmision hospitalaria, Vanesa select Hongkong CURA Healthcare Center on Donde seleccionamos el centro de atencion, Vanesa clicks on Donde seleccionamos programa de salud , seguro del estado medico, Vanesa enters '30/11/2023' into Donde escribimos la fecha de la cita]]
[Test worker] WARN net.thucydides.core.steps.BaseStepListener - stepStarted: net.thucydides.core.steps.ExecutedStepDescription@7945b206
[Test worker] WARN net.thucydides.core.steps.BaseStepListener - stepFinished: current outcome:Automatizacion de reserva cita medica con exito:Given Vanesa esta en la pagina de inicio de Servicios de salud CURA [Vanesa opens the Pagina inicial], Given Vanesa haga click en el boton Reserva cita medica [Vanesa iniciar reserva [Vanesa clicks on Boton para confirmar una cita]], When Ella inicia sesion con John Doe y ThisIsNotAPassword [Vanesa iniciar sesion [Vanesa enters 'John Doe' into Donde escribimos el nombre del usuario, Vanesa enters 'ThisIsNotAPassword' into Donde escribimos la contraseÃ±a, Vanesa clicks on Boton para iniciar sesion]], And Ella registra los siguientes datos de la reserva
| atrCentroSalud | atrReadmision | atrFechaCita | atrProgramaSalud | atrComentario |
| Hongkong CURA Healthcare Center | true | 30/11/2023 | NONE | Cita medica de chequeo anual | [Vanesa agregar informacion cita [Vanesa clicks on Donde seleccionamos la solicitud de una readmision hospitalaria, Vanesa select Hongkong CURA Healthcare Center on Donde seleccionamos el centro de atencion, Vanesa clicks on Donde seleccionamos programa de salud , seguro del estado medico, Vanesa enters '30/11/2023' into Donde escribimos la fecha de la cita, Vanesa enters 'Cita medica de chequeo anual' into Donde escribimos comentarios respecto a la cita]]
[Test worker] WARN net.thucydides.core.steps.BaseStepListener - stepStarted: net.thucydides.core.steps.ExecutedStepDescription@73afe2b7
[Test worker] WARN net.thucydides.core.steps.BaseStepListener - stepFinished: current outcome:Automatizacion de reserva cita medica con exito:Given Vanesa esta en la pagina de inicio de Servicios de salud CURA [Vanesa opens the Pagina inicial], Given Vanesa haga click en el boton Reserva cita medica [Vanesa iniciar reserva [Vanesa clicks on Boton para confirmar una cita]], When Ella inicia sesion con John Doe y ThisIsNotAPassword [Vanesa iniciar sesion [Vanesa enters 'John Doe' into Donde escribimos el nombre del usuario, Vanesa enters 'ThisIsNotAPassword' into Donde escribimos la contraseÃ±a, Vanesa clicks on Boton para iniciar sesion]], And Ella registra los siguientes datos de la reserva
| atrCentroSalud | atrReadmision | atrFechaCita | atrProgramaSalud | atrComentario |
| Hongkong CURA Healthcare Center | true | 30/11/2023 | NONE | Cita medica de chequeo anual | [Vanesa agregar informacion cita [Vanesa clicks on Donde seleccionamos la solicitud de una readmision hospitalaria, Vanesa select Hongkong CURA Healthcare Center on Donde seleccionamos el centro de atencion, Vanesa clicks on Donde seleccionamos programa de salud , seguro del estado medico, Vanesa enters '30/11/2023' into Donde escribimos la fecha de la cita, Vanesa enters 'Cita medica de chequeo anual' into Donde escribimos comentarios respecto a la cita, Vanesa clicks on Boton para confirmar la cita reservada]]
[Test worker] WARN net.thucydides.core.steps.BaseStepListener - stepFinished: current outcome:Automatizacion de reserva cita medica con exito:Given Vanesa esta en la pagina de inicio de Servicios de salud CURA [Vanesa opens the Pagina inicial], Given Vanesa haga click en el boton Reserva cita medica [Vanesa iniciar reserva [Vanesa clicks on Boton para confirmar una cita]], When Ella inicia sesion con John Doe y ThisIsNotAPassword [Vanesa iniciar sesion [Vanesa enters 'John Doe' into Donde escribimos el nombre del usuario, Vanesa enters 'ThisIsNotAPassword' into Donde escribimos la contraseÃ±a, Vanesa clicks on Boton para iniciar sesion]], And Ella registra los siguientes datos de la reserva
| atrCentroSalud | atrReadmision | atrFechaCita | atrProgramaSalud | atrComentario |
| Hongkong CURA Healthcare Center | true | 30/11/2023 | NONE | Cita medica de chequeo anual | [Vanesa agregar informacion cita [Vanesa clicks on Donde seleccionamos la solicitud de una readmision hospitalaria, Vanesa select Hongkong CURA Healthcare Center on Donde seleccionamos el centro de atencion, Vanesa clicks on Donde seleccionamos programa de salud , seguro del estado medico, Vanesa enters '30/11/2023' into Donde escribimos la fecha de la cita, Vanesa enters 'Cita medica de chequeo anual' into Donde escribimos comentarios respecto a la cita, Vanesa clicks on Boton para confirmar la cita reservada]]
[Test worker] WARN net.thucydides.core.steps.BaseStepListener - stepFinished: current outcome:Automatizacion de reserva cita medica con exito:Given Vanesa esta en la pagina de inicio de Servicios de salud CURA [Vanesa opens the Pagina inicial], Given Vanesa haga click en el boton Reserva cita medica [Vanesa iniciar reserva [Vanesa clicks on Boton para confirmar una cita]], When Ella inicia sesion con John Doe y ThisIsNotAPassword [Vanesa iniciar sesion [Vanesa enters 'John Doe' into Donde escribimos el nombre del usuario, Vanesa enters 'ThisIsNotAPassword' into Donde escribimos la contraseÃ±a, Vanesa clicks on Boton para iniciar sesion]], And Ella registra los siguientes datos de la reserva
| atrCentroSalud | atrReadmision | atrFechaCita | atrProgramaSalud | atrComentario |
| Hongkong CURA Healthcare Center | true | 30/11/2023 | NONE | Cita medica de chequeo anual | [Vanesa agregar informacion cita [Vanesa clicks on Donde seleccionamos la solicitud de una readmision hospitalaria, Vanesa select Hongkong CURA Healthcare Center on Donde seleccionamos el centro de atencion, Vanesa clicks on Donde seleccionamos programa de salud , seguro del estado medico, Vanesa enters '30/11/2023' into Donde escribimos la fecha de la cita, Vanesa enters 'Cita medica de chequeo anual' into Donde escribimos comentarios respecto a la cita, Vanesa clicks on Boton para confirmar la cita reservada]]
[Test worker] WARN net.thucydides.core.steps.BaseStepListener - stepStarted: net.thucydides.core.steps.ExecutedStepDescription@22d7fd41
[Test worker] WARN net.thucydides.core.steps.BaseStepListener - stepStarted: net.thucydides.core.steps.ExecutedStepDescription@401c4250
[Test worker] WARN net.thucydides.core.steps.BaseStepListener - stepFinished: current outcome:Automatizacion de reserva cita medica con exito:Given Vanesa esta en la pagina de inicio de Servicios de salud CURA [Vanesa opens the Pagina inicial], Given Vanesa haga click en el boton Reserva cita medica [Vanesa iniciar reserva [Vanesa clicks on Boton para confirmar una cita]], When Ella inicia sesion con John Doe y ThisIsNotAPassword [Vanesa iniciar sesion [Vanesa enters 'John Doe' into Donde escribimos el nombre del usuario, Vanesa enters 'ThisIsNotAPassword' into Donde escribimos la contraseÃ±a, Vanesa clicks on Boton para iniciar sesion]], And Ella registra los siguientes datos de la reserva
| atrCentroSalud | atrReadmision | atrFechaCita | atrProgramaSalud | atrComentario |
| Hongkong CURA Healthcare Center | true | 30/11/2023 | NONE | Cita medica de chequeo anual | [Vanesa agregar informacion cita [Vanesa clicks on Donde seleccionamos la solicitud de una readmision hospitalaria, Vanesa select Hongkong CURA Healthcare Center on Donde seleccionamos el centro de atencion, Vanesa clicks on Donde seleccionamos programa de salud , seguro del estado medico, Vanesa enters '30/11/2023' into Donde escribimos la fecha de la cita, Vanesa enters 'Cita medica de chequeo anual' into Donde escribimos comentarios respecto a la cita, Vanesa clicks on Boton para confirmar la cita reservada]], Then deberia ver un mensaje con el resumen y confirmacion de la cita medica [Then validacion resumen cita]
[Test worker] WARN net.thucydides.core.steps.BaseStepListener - stepFinished: current outcome:Automatizacion de reserva cita medica con exito:Given Vanesa esta en la pagina de inicio de Servicios de salud CURA [Vanesa opens the Pagina inicial], Given Vanesa haga click en el boton Reserva cita medica [Vanesa iniciar reserva [Vanesa clicks on Boton para confirmar una cita]], When Ella inicia sesion con John Doe y ThisIsNotAPassword [Vanesa iniciar sesion [Vanesa enters 'John Doe' into Donde escribimos el nombre del usuario, Vanesa enters 'ThisIsNotAPassword' into Donde escribimos la contraseÃ±a, Vanesa clicks on Boton para iniciar sesion]], And Ella registra los siguientes datos de la reserva
| atrCentroSalud | atrReadmision | atrFechaCita | atrProgramaSalud | atrComentario |
| Hongkong CURA Healthcare Center | true | 30/11/2023 | NONE | Cita medica de chequeo anual | [Vanesa agregar informacion cita [Vanesa clicks on Donde seleccionamos la solicitud de una readmision hospitalaria, Vanesa select Hongkong CURA Healthcare Center on Donde seleccionamos el centro de atencion, Vanesa clicks on Donde seleccionamos programa de salud , seguro del estado medico, Vanesa enters '30/11/2023' into Donde escribimos la fecha de la cita, Vanesa enters 'Cita medica de chequeo anual' into Donde escribimos comentarios respecto a la cita, Vanesa clicks on Boton para confirmar la cita reservada]], Then deberia ver un mensaje con el resumen y confirmacion de la cita medica [Then validacion resumen cita]
[Test worker] WARN net.thucydides.core.steps.BaseStepListener - testFinished: Automatizacion de reserva cita medica con exito:Given Vanesa esta en la pagina de inicio de Servicios de salud CURA [Vanesa opens the Pagina inicial], Given Vanesa haga click en el boton Reserva cita medica [Vanesa iniciar reserva [Vanesa clicks on Boton para confirmar una cita]], When Ella inicia sesion con John Doe y ThisIsNotAPassword [Vanesa iniciar sesion [Vanesa enters 'John Doe' into Donde escribimos el nombre del usuario, Vanesa enters 'ThisIsNotAPassword' into Donde escribimos la contraseÃ±a, Vanesa clicks on Boton para iniciar sesion]], And Ella registra los siguientes datos de la reserva
| atrCentroSalud | atrReadmision | atrFechaCita | atrProgramaSalud | atrComentario |
| Hongkong CURA Healthcare Center | true | 30/11/2023 | NONE | Cita medica de chequeo anual | [Vanesa agregar informacion cita [Vanesa clicks on Donde seleccionamos la solicitud de una readmision hospitalaria, Vanesa select Hongkong CURA Healthcare Center on Donde seleccionamos el centro de atencion, Vanesa clicks on Donde seleccionamos programa de salud , seguro del estado medico, Vanesa enters '30/11/2023' into Donde escribimos la fecha de la cita, Vanesa enters 'Cita medica de chequeo anual' into Donde escribimos comentarios respecto a la cita, Vanesa clicks on Boton para confirmar la cita reservada]], Then deberia ver un mensaje con el resumen y confirmacion de la cita medica [Then validacion resumen cita]
[Test worker] WARN net.thucydides.core.steps.BaseStepListener - TestOutcomes: [Automatizacion de reserva cita medica con exito:Given Vanesa esta en la pagina de inicio de Servicios de salud CURA [Vanesa opens the Pagina inicial], Given Vanesa haga click en el boton Reserva cita medica [Vanesa iniciar reserva [Vanesa clicks on Boton para confirmar una cita]], When Ella inicia sesion con John Doe y ThisIsNotAPassword [Vanesa iniciar sesion [Vanesa enters 'John Doe' into Donde escribimos el nombre del usuario, Vanesa enters 'ThisIsNotAPassword' into Donde escribimos la contraseÃ±a, Vanesa clicks on Boton para iniciar sesion]], And Ella registra los siguientes datos de la reserva
| atrCentroSalud | atrReadmision | atrFechaCita | atrProgramaSalud | atrComentario |
| Hongkong CURA Healthcare Center | true | 30/11/2023 | NONE | Cita medica de chequeo anual | [Vanesa agregar informacion cita [Vanesa clicks on Donde seleccionamos la solicitud de una readmision hospitalaria, Vanesa select Hongkong CURA Healthcare Center on Donde seleccionamos el centro de atencion, Vanesa clicks on Donde seleccionamos programa de salud , seguro del estado medico, Vanesa enters '30/11/2023' into Donde escribimos la fecha de la cita, Vanesa enters 'Cita medica de chequeo anual' into Donde escribimos comentarios respecto a la cita, Vanesa clicks on Boton para confirmar la cita reservada]], Then deberia ver un mensaje con el resumen y confirmacion de la cita medica [Then validacion resumen cita]]
[Test worker] WARN net.thucydides.core.steps.BaseStepListener - Final testOutcomes: [Automatizacion de reserva cita medica con exito:Given Vanesa esta en la pagina de inicio de Servicios de salud CURA [Vanesa opens the Pagina inicial], Given Vanesa haga click en el boton Reserva cita medica [Vanesa iniciar reserva [Vanesa clicks on Boton para confirmar una cita]], When Ella inicia sesion con John Doe y ThisIsNotAPassword [Vanesa iniciar sesion [Vanesa enters 'John Doe' into Donde escribimos el nombre del usuario, Vanesa enters 'ThisIsNotAPassword' into Donde escribimos la contraseÃ±a, Vanesa clicks on Boton para iniciar sesion]], And Ella registra los siguientes datos de la reserva
| atrCentroSalud | atrReadmision | atrFechaCita | atrProgramaSalud | atrComentario |
| Hongkong CURA Healthcare Center | true | 30/11/2023 | NONE | Cita medica de chequeo anual | [Vanesa agregar informacion cita [Vanesa clicks on Donde seleccionamos la solicitud de una readmision hospitalaria, Vanesa select Hongkong CURA Healthcare Center on Donde seleccionamos el centro de atencion, Vanesa clicks on Donde seleccionamos programa de salud , seguro del estado medico, Vanesa enters '30/11/2023' into Donde escribimos la fecha de la cita, Vanesa enters 'Cita medica de chequeo anual' into Donde escribimos comentarios respecto a la cita, Vanesa clicks on Boton para confirmar la cita reservada]], Then deberia ver un mensaje con el resumen y confirmacion de la cita medica [Then validacion resumen cita]]
[Test worker] INFO net.thucydides.core.steps.ConsoleLoggingListener - 
        __    _____ _____ ____ _____   ____   _    ____  ____  _____ ____  
  _     \ \  |_   _| ____/ ___|_   _| |  _ \ / \  / ___|/ ___|| ____|  _ \ 
 (_)_____| |   | | |  _| \___ \ | |   | |_) / _ \ \___ \\___ \|  _| | | | |
  _|_____| |   | | | |___ ___) || |   |  __/ ___ \ ___) |___) | |___| |_| |
 (_)     | |   |_| |_____|____/ |_|   |_| /_/   \_\____/|____/|_____|____/ 
        /_/                                                                

TEST PASSED: Automatizacion de reserva cita medica con exito
----------------------------------------------------------------------------
]]></system-err>
</testsuite>
